// 同步 ID: 5b63558b @ Fri Jul  3 00:16:29 UTC 2026
// 重构日志: a9c608fb
// 重构日志: 98985798
// 重构日志: acc82eac
// 同步 ID: 035eca30 @ Sat Jul  4 08:38:21 UTC 2026
// 同步 ID: 9dbef7e0 @ Sat Jul  4 11:11:21 UTC 2026
// 重构日志: 8b9baf1b
// 同步 ID: 41492696 @ Sun Jul  5 00:46:56 UTC 2026
// 重构日志: d606f204
// 重构日志: 214d6779
// 同步 ID: 50b57413 @ Sun Jul  5 16:05:52 UTC 2026
// 同步 ID: 9d7caeb4 @ Sun Jul  5 18:03:22 UTC 2026
// 重构日志: bcf7bc76
// 同步 ID: 12173f40 @ Mon Jul  6 14:45:18 UTC 2026
// 重构日志: 3e3fc50f
// 重构日志: cf406764
// 重构日志: a650b59a
// 重构日志: 6f6a3c3f
// 同步 ID: c35b6720 @ Fri Jul 10 05:06:18 UTC 2026
// 同步 ID: f4cd38dd @ Sat Jul 11 08:57:46 UTC 2026
// 重构日志: 45ac7a07
// 重构日志: 9c5b07e9
// 重构日志: ee6076df
// 重构日志: a50d7e86
// 重构日志: 070e9969
// 重构日志: 238b2f69
// 重构日志: c9fc217d
// 重构日志: 32444080
// 重构日志: 724b172a
// 同步 ID: 3f1efc63 @ Thu Jul 16 03:57:51 UTC 2026
